\\hsnas6\studenthome\2015\a15davgr\documents\visual studio 2015\projects\statemachinenew\welcometothejungle\debug\vc140.pdb
\\hsnas6\studenthome\2015\a15davgr\documents\visual studio 2015\projects\statemachinenew\welcometothejungle\debug\vc140.idb
\\hsnas6\studenthome\2015\a15davgr\documents\visual studio 2015\projects\statemachinenew\welcometothejungle\debug\animal.obj
\\hsnas6\studenthome\2015\a15davgr\documents\visual studio 2015\projects\statemachinenew\welcometothejungle\debug\gamemanager.obj
\\hsnas6\studenthome\2015\a15davgr\documents\visual studio 2015\projects\statemachinenew\welcometothejungle\debug\main.obj
\\hsnas6\studenthome\2015\a15davgr\documents\visual studio 2015\projects\statemachinenew\welcometothejungle\debug\statemachine.obj
\\hsnas6\studenthome\2015\a15davgr\documents\visual studio 2015\projects\statemachinenew\welcometothejungle\debug\state_godrink.obj
\\hsnas6\studenthome\2015\a15davgr\documents\visual studio 2015\projects\statemachinenew\welcometothejungle\debug\state_goeat.obj
\\hsnas6\studenthome\2015\a15davgr\documents\visual studio 2015\projects\statemachinenew\welcometothejungle\debug\state_idle.obj
\\hsnas6\studenthome\2015\a15davgr\documents\visual studio 2015\projects\statemachinenew\welcometothejungle\debug\textures.obj
\\hsnas6\studenthome\2015\a15davgr\documents\visual studio 2015\projects\statemachinenew\welcometothejungle\debug\tilemap.obj
\\hsnas6\studenthome\2015\a15davgr\documents\visual studio 2015\projects\statemachinenew\welcometothejungle\debug\state.obj
\\hsnas6\studenthome\2015\a15davgr\documents\visual studio 2015\projects\statemachinenew\debug\welcometothejungle.ilk
\\hsnas6\studenthome\2015\a15davgr\documents\visual studio 2015\projects\statemachinenew\debug\welcometothejungle.exe
\\hsnas6\studenthome\2015\a15davgr\documents\visual studio 2015\projects\statemachinenew\debug\welcometothejungle.pdb
\\hsnas6\studenthome\2015\a15davgr\documents\visual studio 2015\projects\statemachinenew\welcometothejungle\debug\welcomet.c699151b.tlog\link.command.1.tlog
\\hsnas6\studenthome\2015\a15davgr\documents\visual studio 2015\projects\statemachinenew\welcometothejungle\debug\welcomet.c699151b.tlog\cl.write.1.tlog
\\hsnas6\studenthome\2015\a15davgr\documents\visual studio 2015\projects\statemachinenew\welcometothejungle\debug\welcomet.c699151b.tlog\link.read.1.tlog
\\hsnas6\studenthome\2015\a15davgr\documents\visual studio 2015\projects\statemachinenew\welcometothejungle\debug\welcomet.c699151b.tlog\cl.command.1.tlog
\\hsnas6\studenthome\2015\a15davgr\documents\visual studio 2015\projects\statemachinenew\welcometothejungle\debug\welcomet.c699151b.tlog\cl.read.1.tlog
\\hsnas6\studenthome\2015\a15davgr\documents\visual studio 2015\projects\statemachinenew\welcometothejungle\debug\welcomet.c699151b.tlog\link.write.1.tlog
